---- 
21/04/16 18:55:13 
C:\xampp\htdocs\NATY\OGTickets_Proyecto\back-end\app\src\controllers\EventsController.php: 59
Array
(
    [eventType] => 2
    [siteId] => 2
    [name] => dsaa
    [description] => hkhkjh
    [date] => 2016-10-10 00:00:00
    [startHour] => 10:00:00
    [endHour] => 15:05:00
    [ticketsPrice] => 200
    [image] => 
    [userId] => 3
)
---- 
21/04/16 19:01:43 
C:\xampp\htdocs\NATY\OGTickets_Proyecto\back-end\app\src\controllers\EventsController.php: 59
Array
(
    [eventType] => 2
    [siteId] => 2
    [name] => dsaa
    [description] => hkhkjh
    [date] => 2016-10-10 00:00:00
    [startHour] => 10:00:00
    [endHour] => 15:05:00
    [ticketsPrice] => 200
    [image] => 
    [userId] => 3
)
---- 
21/04/16 19:36:19 
C:\xampp\htdocs\NATY\OGTickets_Proyecto\back-end\app\src\services\UserService.php: 45
Array
(
    [data] => Array
        (
            [0] => Array
                (
                    [idUsuario] => 1
                    [0] => 1
                    [PrimerNombre] => oxyGen
                    [1] => oxyGen
                    [SegundoNombre] => 
                    [2] => 
                    [PrimerApellido] => CWD
                    [3] => CWD
                    [SegundoApellido] => 
                    [4] => 
                    [TbTipoUsuario_idTipoUsuario] => 1
                    [5] => 1
                    [password] => $2y$10$DCFpTK0HAZavFKsosLM6i.vCjiOFiJl4RKY.w0fsmzJ5vT94EbNDS
                    [6] => $2y$10$DCFpTK0HAZavFKsosLM6i.vCjiOFiJl4RKY.w0fsmzJ5vT94EbNDS
                )

        )

    [meta] => Array
        (
            [count] => 1
        )

)
---- 
21/04/16 19:36:19 
C:\xampp\htdocs\NATY\OGTickets_Proyecto\back-end\app\src\services\UserService.php: 53
admin---- 
21/04/16 20:38:31 
C:\xampp\htdocs\NATY\OGTickets_Proyecto\back-end\app\src\controllers\SitesController.php: 40
Array
(
    [name] => Teatro de la Danza
    [phoneOne] => 84521365
    [capacity] => 350
    [latitude] => 9.54125
    [longitude] => 9.32541
    [address] => San Jose, antiguo cenac
    [image] => 
)
---- 
21/04/16 20:38:31 
C:\xampp\htdocs\NATY\OGTickets_Proyecto\back-end\app\src\services\SitesService.php: 104
Array
(
    [data] => 
    [meta] => Array
        (
            [id] => 7
            [count] => 1
        )

)
